2024-04-07 17:16:53,044 INFO [pool-7-thread-1] o.a.n.c.r.WriteAheadFlowFileRepository Initiating checkpoint of FlowFile Repository
2024-04-07 17:16:53,069 INFO [pool-7-thread-1] o.a.n.c.r.WriteAheadFlowFileRepository Successfully checkpointed FlowFile Repository with 88 records in 0 milliseconds
2024-04-07 17:17:13,078 INFO [pool-7-thread-1] o.a.n.c.r.WriteAheadFlowFileRepository Initiating checkpoint of FlowFile Repository
2024-04-07 17:17:13,081 INFO [pool-7-thread-1] o.a.n.c.r.WriteAheadFlowFileRepository Successfully checkpointed FlowFile Repository with 88 records in 0 milliseconds
2024-04-07 17:57:48,409 INFO [Cleanup Archive for default] o.a.n.c.repository.FileSystemRepository Successfully deleted 0 files (0 bytes) from archive
2024-04-07 17:57:48,410 INFO [Cleanup Archive for default] o.a.n.c.repository.FileSystemRepository Archive cleanup completed for container default; will now allow writing to this container. Bytes used = 313.75 GB, bytes free = 146.68 GB, capacity = 460.43 GB
2024-04-07 17:57:55,353 INFO [pool-7-thread-1] o.a.n.c.r.WriteAheadFlowFileRepository Initiating checkpoint of FlowFile Repository
2024-04-07 17:57:55,355 INFO [pool-7-thread-1] o.a.n.c.r.WriteAheadFlowFileRepository Successfully checkpointed FlowFile Repository with 88 records in 0 milliseconds
2024-04-07 17:58:15,352 INFO [pool-7-thread-1] o.a.n.c.r.WriteAheadFlowFileRepository Initiating checkpoint of FlowFile Repository
2024-04-07 17:58:15,353 INFO [pool-7-thread-1] o.a.n.c.r.WriteAheadFlowFileRepository Successfully checkpointed FlowFile Repository with 88 records in 0 milliseconds
2024-04-07 17:58:33,417 INFO [Write-Ahead Local State Provider Maintenance] org.wali.MinimalLockingWriteAheadLog org.wali.MinimalLockingWriteAheadLog@298734a9 checkpointed with 6 Records and 0 Swap Files in 109 milliseconds (Stop-the-world time = 64 milliseconds, Clear Edit Logs time = 37 millis), max Transaction ID 34
2024-04-07 17:58:35,358 INFO [pool-7-thread-1] o.a.n.c.r.WriteAheadFlowFileRepository Initiating checkpoint of FlowFile Repository
2024-04-07 17:58:35,362 INFO [pool-7-thread-1] o.a.n.c.r.WriteAheadFlowFileRepository Successfully checkpointed FlowFile Repository with 88 records in 0 milliseconds
2024-04-07 17:58:48,586 INFO [Cleanup Archive for default] o.a.n.c.repository.FileSystemRepository Successfully deleted 0 files (0 bytes) from archive
2024-04-07 17:58:48,586 INFO [Cleanup Archive for default] o.a.n.c.repository.FileSystemRepository Archive cleanup completed for container default; will now allow writing to this container. Bytes used = 313.76 GB, bytes free = 146.68 GB, capacity = 460.43 GB
2024-04-07 17:58:49,638 INFO [Flow Service Tasks Thread-2] o.a.nifi.controller.StandardFlowService Saved flow controller org.apache.nifi.controller.FlowController@214f3850 // Another save pending = false
2024-04-07 17:58:51,435 INFO [NiFi Web Server-267] o.a.n.c.s.StandardProcessScheduler Starting ConsumeAMQP[id=b52bc494-018e-1000-a3c8-dc6b1b7f8c44]
2024-04-07 17:58:51,437 INFO [NiFi Web Server-267] o.a.n.controller.StandardProcessorNode Starting ConsumeAMQP[id=b52bc494-018e-1000-a3c8-dc6b1b7f8c44]
2024-04-07 17:58:51,442 INFO [Timer-Driven Process Thread-3] o.a.n.c.s.TimerDrivenSchedulingAgent Scheduled ConsumeAMQP[id=b52bc494-018e-1000-a3c8-dc6b1b7f8c44] to run with 1 threads
2024-04-07 17:58:51,489 INFO [Timer-Driven Process Thread-6] o.a.nifi.amqp.processors.ConsumeAMQP ConsumeAMQP[id=b52bc494-018e-1000-a3c8-dc6b1b7f8c44] Successfully connected AMQPConsumer to amqp://guest@192.168.65.254:5672/ and 'pedidos' queue
2024-04-07 17:58:51,504 INFO [Timer-Driven Process Thread-6] o.a.n.p.store.WriteAheadStorePartition Successfully rolled over Event Writer for Provenance Event Store Partition[directory=./provenance_repository] due to MAX_TIME_REACHED. Event File was 79.09 KB and contained 93 events.
2024-04-07 17:58:51,679 INFO [Flow Service Tasks Thread-2] o.a.nifi.controller.StandardFlowService Saved flow controller org.apache.nifi.controller.FlowController@214f3850 // Another save pending = false
2024-04-07 17:58:55,365 INFO [pool-7-thread-1] o.a.n.c.r.WriteAheadFlowFileRepository Initiating checkpoint of FlowFile Repository
2024-04-07 17:58:55,411 INFO [pool-7-thread-1] o.a.n.wali.SequentialAccessWriteAheadLog Checkpointed Write-Ahead Log with 415 Records and 0 Swap Files in 45 milliseconds (Stop-the-world time = 14 milliseconds), max Transaction ID 1063
2024-04-07 17:58:55,412 INFO [pool-7-thread-1] o.a.n.c.r.WriteAheadFlowFileRepository Successfully checkpointed FlowFile Repository with 415 records in 45 milliseconds
2024-04-07 17:59:15,412 INFO [pool-7-thread-1] o.a.n.c.r.WriteAheadFlowFileRepository Initiating checkpoint of FlowFile Repository
2024-04-07 17:59:15,415 INFO [pool-7-thread-1] o.a.n.c.r.WriteAheadFlowFileRepository Successfully checkpointed FlowFile Repository with 415 records in 0 milliseconds
2024-04-07 17:59:21,688 INFO [NiFi Web Server-272] o.a.n.c.queue.AbstractFlowFileQueue Initiating drop of FlowFiles from FlowFileQueue[id=b54b9ca5-018e-1000-5034-cda174a14814] on behalf of anonymous (request identifier=b9b6ff58-018e-1000-97ae-780b1ce2e54a)
2024-04-07 17:59:21,721 INFO [Drop FlowFiles for Connection b54b9ca5-018e-1000-5034-cda174a14814] o.a.n.c.queue.SwappablePriorityQueue Successfully dropped 327 FlowFiles (14715 bytes) from Connection with ID b54b9ca5-018e-1000-5034-cda174a14814 on behalf of anonymous
2024-04-07 17:59:35,423 INFO [pool-7-thread-1] o.a.n.c.r.WriteAheadFlowFileRepository Initiating checkpoint of FlowFile Repository
2024-04-07 17:59:35,464 INFO [pool-7-thread-1] o.a.n.wali.SequentialAccessWriteAheadLog Checkpointed Write-Ahead Log with 88 Records and 0 Swap Files in 35 milliseconds (Stop-the-world time = 8 milliseconds), max Transaction ID 1064
2024-04-07 17:59:35,465 INFO [pool-7-thread-1] o.a.n.c.r.WriteAheadFlowFileRepository Successfully checkpointed FlowFile Repository with 88 records in 35 milliseconds
2024-04-07 17:59:48,765 INFO [Cleanup Archive for default] o.a.n.c.repository.FileSystemRepository Successfully deleted 0 files (0 bytes) from archive
2024-04-07 17:59:48,765 INFO [Cleanup Archive for default] o.a.n.c.repository.FileSystemRepository Archive cleanup completed for container default; will now allow writing to this container. Bytes used = 313.76 GB, bytes free = 146.67 GB, capacity = 460.43 GB
2024-04-07 17:59:55,466 INFO [pool-7-thread-1] o.a.n.c.r.WriteAheadFlowFileRepository Initiating checkpoint of FlowFile Repository
2024-04-07 17:59:55,468 INFO [pool-7-thread-1] o.a.n.c.r.WriteAheadFlowFileRepository Successfully checkpointed FlowFile Repository with 88 records in 0 milliseconds
