2024-04-06 22:00:00,020 INFO [pool-7-thread-1] o.a.n.c.r.WriteAheadFlowFileRepository Initiating checkpoint of FlowFile Repository
2024-04-06 22:00:00,025 INFO [pool-7-thread-1] o.a.n.c.r.WriteAheadFlowFileRepository Successfully checkpointed FlowFile Repository with 88 records in 0 milliseconds
2024-04-06 22:00:08,036 INFO [Cleanup Archive for default] o.a.n.c.repository.FileSystemRepository Successfully deleted 0 files (0 bytes) from archive
2024-04-06 22:00:08,036 INFO [Cleanup Archive for default] o.a.n.c.repository.FileSystemRepository Archive cleanup completed for container default; will now allow writing to this container. Bytes used = 312.64 GB, bytes free = 147.8 GB, capacity = 460.43 GB
2024-04-06 22:00:20,027 INFO [pool-7-thread-1] o.a.n.c.r.WriteAheadFlowFileRepository Initiating checkpoint of FlowFile Repository
2024-04-06 22:00:20,029 INFO [pool-7-thread-1] o.a.n.c.r.WriteAheadFlowFileRepository Successfully checkpointed FlowFile Repository with 88 records in 0 milliseconds
2024-04-06 22:00:40,042 INFO [pool-7-thread-1] o.a.n.c.r.WriteAheadFlowFileRepository Initiating checkpoint of FlowFile Repository
2024-04-06 22:00:40,043 INFO [pool-7-thread-1] o.a.n.c.r.WriteAheadFlowFileRepository Successfully checkpointed FlowFile Repository with 88 records in 0 milliseconds
2024-04-06 22:01:00,045 INFO [pool-7-thread-1] o.a.n.c.r.WriteAheadFlowFileRepository Initiating checkpoint of FlowFile Repository
2024-04-06 22:01:00,046 INFO [pool-7-thread-1] o.a.n.c.r.WriteAheadFlowFileRepository Successfully checkpointed FlowFile Repository with 88 records in 0 milliseconds
2024-04-06 22:01:08,191 INFO [Cleanup Archive for default] o.a.n.c.repository.FileSystemRepository Successfully deleted 0 files (0 bytes) from archive
2024-04-06 22:01:08,191 INFO [Cleanup Archive for default] o.a.n.c.repository.FileSystemRepository Archive cleanup completed for container default; will now allow writing to this container. Bytes used = 312.64 GB, bytes free = 147.79 GB, capacity = 460.43 GB
2024-04-06 22:01:20,046 INFO [pool-7-thread-1] o.a.n.c.r.WriteAheadFlowFileRepository Initiating checkpoint of FlowFile Repository
2024-04-06 22:01:20,047 INFO [pool-7-thread-1] o.a.n.c.r.WriteAheadFlowFileRepository Successfully checkpointed FlowFile Repository with 88 records in 0 milliseconds
2024-04-06 22:01:40,048 INFO [pool-7-thread-1] o.a.n.c.r.WriteAheadFlowFileRepository Initiating checkpoint of FlowFile Repository
2024-04-06 22:01:40,050 INFO [pool-7-thread-1] o.a.n.c.r.WriteAheadFlowFileRepository Successfully checkpointed FlowFile Repository with 88 records in 0 milliseconds
2024-04-06 22:01:57,627 INFO [Write-Ahead Local State Provider Maintenance] org.wali.MinimalLockingWriteAheadLog org.wali.MinimalLockingWriteAheadLog@298734a9 checkpointed with 6 Records and 0 Swap Files in 80 milliseconds (Stop-the-world time = 59 milliseconds, Clear Edit Logs time = 17 millis), max Transaction ID 34
2024-04-06 22:02:00,051 INFO [pool-7-thread-1] o.a.n.c.r.WriteAheadFlowFileRepository Initiating checkpoint of FlowFile Repository
2024-04-06 22:02:00,053 INFO [pool-7-thread-1] o.a.n.c.r.WriteAheadFlowFileRepository Successfully checkpointed FlowFile Repository with 88 records in 0 milliseconds
2024-04-06 22:02:08,356 INFO [Cleanup Archive for default] o.a.n.c.repository.FileSystemRepository Successfully deleted 0 files (0 bytes) from archive
2024-04-06 22:02:08,357 INFO [Cleanup Archive for default] o.a.n.c.repository.FileSystemRepository Archive cleanup completed for container default; will now allow writing to this container. Bytes used = 312.64 GB, bytes free = 147.79 GB, capacity = 460.43 GB
2024-04-06 22:02:20,055 INFO [pool-7-thread-1] o.a.n.c.r.WriteAheadFlowFileRepository Initiating checkpoint of FlowFile Repository
2024-04-06 22:02:20,057 INFO [pool-7-thread-1] o.a.n.c.r.WriteAheadFlowFileRepository Successfully checkpointed FlowFile Repository with 88 records in 0 milliseconds
2024-04-06 22:02:40,058 INFO [pool-7-thread-1] o.a.n.c.r.WriteAheadFlowFileRepository Initiating checkpoint of FlowFile Repository
2024-04-06 22:02:40,059 INFO [pool-7-thread-1] o.a.n.c.r.WriteAheadFlowFileRepository Successfully checkpointed FlowFile Repository with 88 records in 0 milliseconds
2024-04-06 22:03:00,060 INFO [pool-7-thread-1] o.a.n.c.r.WriteAheadFlowFileRepository Initiating checkpoint of FlowFile Repository
2024-04-06 22:03:00,061 INFO [pool-7-thread-1] o.a.n.c.r.WriteAheadFlowFileRepository Successfully checkpointed FlowFile Repository with 88 records in 0 milliseconds
2024-04-06 22:03:08,510 INFO [Cleanup Archive for default] o.a.n.c.repository.FileSystemRepository Successfully deleted 0 files (0 bytes) from archive
2024-04-06 22:03:08,511 INFO [Cleanup Archive for default] o.a.n.c.repository.FileSystemRepository Archive cleanup completed for container default; will now allow writing to this container. Bytes used = 312.64 GB, bytes free = 147.79 GB, capacity = 460.43 GB
2024-04-06 22:03:20,065 INFO [pool-7-thread-1] o.a.n.c.r.WriteAheadFlowFileRepository Initiating checkpoint of FlowFile Repository
2024-04-06 22:03:20,066 INFO [pool-7-thread-1] o.a.n.c.r.WriteAheadFlowFileRepository Successfully checkpointed FlowFile Repository with 88 records in 0 milliseconds
2024-04-06 22:03:40,070 INFO [pool-7-thread-1] o.a.n.c.r.WriteAheadFlowFileRepository Initiating checkpoint of FlowFile Repository
2024-04-06 22:03:40,073 INFO [pool-7-thread-1] o.a.n.c.r.WriteAheadFlowFileRepository Successfully checkpointed FlowFile Repository with 88 records in 0 milliseconds
2024-04-06 22:03:57,658 INFO [Write-Ahead Local State Provider Maintenance] org.wali.MinimalLockingWriteAheadLog org.wali.MinimalLockingWriteAheadLog@298734a9 checkpointed with 6 Records and 0 Swap Files in 27 milliseconds (Stop-the-world time = 12 milliseconds, Clear Edit Logs time = 11 millis), max Transaction ID 34
2024-04-06 22:04:00,075 INFO [pool-7-thread-1] o.a.n.c.r.WriteAheadFlowFileRepository Initiating checkpoint of FlowFile Repository
2024-04-06 22:04:00,077 INFO [pool-7-thread-1] o.a.n.c.r.WriteAheadFlowFileRepository Successfully checkpointed FlowFile Repository with 88 records in 0 milliseconds
2024-04-06 22:04:08,675 INFO [Cleanup Archive for default] o.a.n.c.repository.FileSystemRepository Successfully deleted 0 files (0 bytes) from archive
2024-04-06 22:04:08,676 INFO [Cleanup Archive for default] o.a.n.c.repository.FileSystemRepository Archive cleanup completed for container default; will now allow writing to this container. Bytes used = 312.65 GB, bytes free = 147.78 GB, capacity = 460.43 GB
2024-04-06 22:04:20,081 INFO [pool-7-thread-1] o.a.n.c.r.WriteAheadFlowFileRepository Initiating checkpoint of FlowFile Repository
2024-04-06 22:04:20,082 INFO [pool-7-thread-1] o.a.n.c.r.WriteAheadFlowFileRepository Successfully checkpointed FlowFile Repository with 88 records in 0 milliseconds
2024-04-06 22:04:40,085 INFO [pool-7-thread-1] o.a.n.c.r.WriteAheadFlowFileRepository Initiating checkpoint of FlowFile Repository
2024-04-06 22:04:40,088 INFO [pool-7-thread-1] o.a.n.c.r.WriteAheadFlowFileRepository Successfully checkpointed FlowFile Repository with 88 records in 0 milliseconds
2024-04-06 22:05:00,091 INFO [pool-7-thread-1] o.a.n.c.r.WriteAheadFlowFileRepository Initiating checkpoint of FlowFile Repository
2024-04-06 22:05:00,093 INFO [pool-7-thread-1] o.a.n.c.r.WriteAheadFlowFileRepository Successfully checkpointed FlowFile Repository with 88 records in 0 milliseconds
2024-04-06 22:05:08,821 INFO [Cleanup Archive for default] o.a.n.c.repository.FileSystemRepository Successfully deleted 0 files (0 bytes) from archive
2024-04-06 22:05:08,822 INFO [Cleanup Archive for default] o.a.n.c.repository.FileSystemRepository Archive cleanup completed for container default; will now allow writing to this container. Bytes used = 312.65 GB, bytes free = 147.79 GB, capacity = 460.43 GB
2024-04-06 22:05:20,099 INFO [pool-7-thread-1] o.a.n.c.r.WriteAheadFlowFileRepository Initiating checkpoint of FlowFile Repository
2024-04-06 22:05:20,104 INFO [pool-7-thread-1] o.a.n.c.r.WriteAheadFlowFileRepository Successfully checkpointed FlowFile Repository with 88 records in 0 milliseconds
2024-04-06 22:05:40,107 INFO [pool-7-thread-1] o.a.n.c.r.WriteAheadFlowFileRepository Initiating checkpoint of FlowFile Repository
2024-04-06 22:05:40,109 INFO [pool-7-thread-1] o.a.n.c.r.WriteAheadFlowFileRepository Successfully checkpointed FlowFile Repository with 88 records in 0 milliseconds
2024-04-06 22:05:57,737 INFO [Write-Ahead Local State Provider Maintenance] org.wali.MinimalLockingWriteAheadLog org.wali.MinimalLockingWriteAheadLog@298734a9 checkpointed with 6 Records and 0 Swap Files in 76 milliseconds (Stop-the-world time = 57 milliseconds, Clear Edit Logs time = 14 millis), max Transaction ID 34
2024-04-06 22:06:00,112 INFO [pool-7-thread-1] o.a.n.c.r.WriteAheadFlowFileRepository Initiating checkpoint of FlowFile Repository
2024-04-06 22:06:00,114 INFO [pool-7-thread-1] o.a.n.c.r.WriteAheadFlowFileRepository Successfully checkpointed FlowFile Repository with 88 records in 0 milliseconds
2024-04-06 22:06:08,981 INFO [Cleanup Archive for default] o.a.n.c.repository.FileSystemRepository Successfully deleted 0 files (0 bytes) from archive
2024-04-06 22:06:08,981 INFO [Cleanup Archive for default] o.a.n.c.repository.FileSystemRepository Archive cleanup completed for container default; will now allow writing to this container. Bytes used = 312.66 GB, bytes free = 147.78 GB, capacity = 460.43 GB
2024-04-06 22:06:20,118 INFO [pool-7-thread-1] o.a.n.c.r.WriteAheadFlowFileRepository Initiating checkpoint of FlowFile Repository
2024-04-06 22:06:20,119 INFO [pool-7-thread-1] o.a.n.c.r.WriteAheadFlowFileRepository Successfully checkpointed FlowFile Repository with 88 records in 0 milliseconds
2024-04-06 22:06:40,120 INFO [pool-7-thread-1] o.a.n.c.r.WriteAheadFlowFileRepository Initiating checkpoint of FlowFile Repository
2024-04-06 22:06:40,122 INFO [pool-7-thread-1] o.a.n.c.r.WriteAheadFlowFileRepository Successfully checkpointed FlowFile Repository with 88 records in 0 milliseconds
2024-04-06 22:07:00,125 INFO [pool-7-thread-1] o.a.n.c.r.WriteAheadFlowFileRepository Initiating checkpoint of FlowFile Repository
2024-04-06 22:07:00,126 INFO [pool-7-thread-1] o.a.n.c.r.WriteAheadFlowFileRepository Successfully checkpointed FlowFile Repository with 88 records in 0 milliseconds
2024-04-06 22:07:09,136 INFO [Cleanup Archive for default] o.a.n.c.repository.FileSystemRepository Successfully deleted 0 files (0 bytes) from archive
2024-04-06 22:07:09,137 INFO [Cleanup Archive for default] o.a.n.c.repository.FileSystemRepository Archive cleanup completed for container default; will now allow writing to this container. Bytes used = 312.66 GB, bytes free = 147.77 GB, capacity = 460.43 GB
2024-04-06 22:07:20,129 INFO [pool-7-thread-1] o.a.n.c.r.WriteAheadFlowFileRepository Initiating checkpoint of FlowFile Repository
2024-04-06 22:07:20,131 INFO [pool-7-thread-1] o.a.n.c.r.WriteAheadFlowFileRepository Successfully checkpointed FlowFile Repository with 88 records in 0 milliseconds
2024-04-06 22:07:40,131 INFO [pool-7-thread-1] o.a.n.c.r.WriteAheadFlowFileRepository Initiating checkpoint of FlowFile Repository
2024-04-06 22:07:40,134 INFO [pool-7-thread-1] o.a.n.c.r.WriteAheadFlowFileRepository Successfully checkpointed FlowFile Repository with 88 records in 0 milliseconds
2024-04-06 22:07:57,800 INFO [Write-Ahead Local State Provider Maintenance] org.wali.MinimalLockingWriteAheadLog org.wali.MinimalLockingWriteAheadLog@298734a9 checkpointed with 6 Records and 0 Swap Files in 59 milliseconds (Stop-the-world time = 35 milliseconds, Clear Edit Logs time = 16 millis), max Transaction ID 34
2024-04-06 22:08:00,137 INFO [pool-7-thread-1] o.a.n.c.r.WriteAheadFlowFileRepository Initiating checkpoint of FlowFile Repository
2024-04-06 22:08:00,143 INFO [pool-7-thread-1] o.a.n.c.r.WriteAheadFlowFileRepository Successfully checkpointed FlowFile Repository with 88 records in 0 milliseconds
2024-04-06 22:08:09,305 INFO [Cleanup Archive for default] o.a.n.c.repository.FileSystemRepository Successfully deleted 0 files (0 bytes) from archive
2024-04-06 22:08:09,306 INFO [Cleanup Archive for default] o.a.n.c.repository.FileSystemRepository Archive cleanup completed for container default; will now allow writing to this container. Bytes used = 312.79 GB, bytes free = 147.65 GB, capacity = 460.43 GB
2024-04-06 22:08:20,152 INFO [pool-7-thread-1] o.a.n.c.r.WriteAheadFlowFileRepository Initiating checkpoint of FlowFile Repository
2024-04-06 22:08:20,153 INFO [pool-7-thread-1] o.a.n.c.r.WriteAheadFlowFileRepository Successfully checkpointed FlowFile Repository with 88 records in 0 milliseconds
2024-04-06 22:08:40,155 INFO [pool-7-thread-1] o.a.n.c.r.WriteAheadFlowFileRepository Initiating checkpoint of FlowFile Repository
2024-04-06 22:08:40,157 INFO [pool-7-thread-1] o.a.n.c.r.WriteAheadFlowFileRepository Successfully checkpointed FlowFile Repository with 88 records in 0 milliseconds
2024-04-06 22:09:00,158 INFO [pool-7-thread-1] o.a.n.c.r.WriteAheadFlowFileRepository Initiating checkpoint of FlowFile Repository
2024-04-06 22:09:00,161 INFO [pool-7-thread-1] o.a.n.c.r.WriteAheadFlowFileRepository Successfully checkpointed FlowFile Repository with 88 records in 0 milliseconds
2024-04-06 22:09:06,091 INFO [NiFi Web Server-228] o.a.nifi.groups.StandardProcessGroup Template[id=74739353-8329-46e5-9b06-fcb5aeb5ec56] added to StandardProcessGroup[identifier=abb35b55-018e-1000-900a-3a6c868e997c,name=NiFi Flow]
2024-04-06 22:09:06,528 INFO [Flow Service Tasks Thread-1] o.a.nifi.controller.StandardFlowService Saved flow controller org.apache.nifi.controller.FlowController@214f3850 // Another save pending = false
2024-04-06 22:09:09,477 INFO [Cleanup Archive for default] o.a.n.c.repository.FileSystemRepository Successfully deleted 0 files (0 bytes) from archive
2024-04-06 22:09:09,477 INFO [Cleanup Archive for default] o.a.n.c.repository.FileSystemRepository Archive cleanup completed for container default; will now allow writing to this container. Bytes used = 312.79 GB, bytes free = 147.64 GB, capacity = 460.43 GB
2024-04-06 22:09:20,166 INFO [pool-7-thread-1] o.a.n.c.r.WriteAheadFlowFileRepository Initiating checkpoint of FlowFile Repository
2024-04-06 22:09:20,170 INFO [pool-7-thread-1] o.a.n.c.r.WriteAheadFlowFileRepository Successfully checkpointed FlowFile Repository with 88 records in 0 milliseconds
2024-04-06 22:09:40,171 INFO [pool-7-thread-1] o.a.n.c.r.WriteAheadFlowFileRepository Initiating checkpoint of FlowFile Repository
2024-04-06 22:09:40,174 INFO [pool-7-thread-1] o.a.n.c.r.WriteAheadFlowFileRepository Successfully checkpointed FlowFile Repository with 88 records in 0 milliseconds
2024-04-06 22:09:57,868 INFO [Write-Ahead Local State Provider Maintenance] org.wali.MinimalLockingWriteAheadLog org.wali.MinimalLockingWriteAheadLog@298734a9 checkpointed with 6 Records and 0 Swap Files in 63 milliseconds (Stop-the-world time = 38 milliseconds, Clear Edit Logs time = 20 millis), max Transaction ID 34
2024-04-06 22:10:00,183 INFO [pool-7-thread-1] o.a.n.c.r.WriteAheadFlowFileRepository Initiating checkpoint of FlowFile Repository
2024-04-06 22:10:00,186 INFO [pool-7-thread-1] o.a.n.c.r.WriteAheadFlowFileRepository Successfully checkpointed FlowFile Repository with 88 records in 0 milliseconds
2024-04-06 22:10:34,381 INFO [Cleanup Archive for default] o.a.n.c.repository.FileSystemRepository Successfully deleted 0 files (0 bytes) from archive
2024-04-06 22:10:34,381 INFO [Cleanup Archive for default] o.a.n.c.repository.FileSystemRepository Archive cleanup completed for container default; will now allow writing to this container. Bytes used = 312.77 GB, bytes free = 147.66 GB, capacity = 460.43 GB
2024-04-06 22:10:44,936 INFO [pool-7-thread-1] o.a.n.c.r.WriteAheadFlowFileRepository Initiating checkpoint of FlowFile Repository
2024-04-06 22:10:44,937 INFO [pool-7-thread-1] o.a.n.c.r.WriteAheadFlowFileRepository Successfully checkpointed FlowFile Repository with 88 records in 0 milliseconds
2024-04-06 22:16:18,562 INFO [pool-7-thread-1] o.a.n.c.r.WriteAheadFlowFileRepository Initiating checkpoint of FlowFile Repository
2024-04-06 22:16:18,566 INFO [pool-7-thread-1] o.a.n.c.r.WriteAheadFlowFileRepository Successfully checkpointed FlowFile Repository with 88 records in 0 milliseconds
2024-04-06 22:16:38,569 INFO [pool-7-thread-1] o.a.n.c.r.WriteAheadFlowFileRepository Initiating checkpoint of FlowFile Repository
2024-04-06 22:16:38,570 INFO [pool-7-thread-1] o.a.n.c.r.WriteAheadFlowFileRepository Successfully checkpointed FlowFile Repository with 88 records in 0 milliseconds
2024-04-06 22:16:48,179 INFO [Cleanup Archive for default] o.a.n.c.repository.FileSystemRepository Successfully deleted 0 files (0 bytes) from archive
2024-04-06 22:16:48,180 INFO [Cleanup Archive for default] o.a.n.c.repository.FileSystemRepository Archive cleanup completed for container default; will now allow writing to this container. Bytes used = 312.76 GB, bytes free = 147.67 GB, capacity = 460.43 GB
2024-04-06 22:16:58,569 INFO [pool-7-thread-1] o.a.n.c.r.WriteAheadFlowFileRepository Initiating checkpoint of FlowFile Repository
2024-04-06 22:16:58,571 INFO [pool-7-thread-1] o.a.n.c.r.WriteAheadFlowFileRepository Successfully checkpointed FlowFile Repository with 88 records in 0 milliseconds
2024-04-06 22:17:18,574 INFO [pool-7-thread-1] o.a.n.c.r.WriteAheadFlowFileRepository Initiating checkpoint of FlowFile Repository
2024-04-06 22:17:18,575 INFO [pool-7-thread-1] o.a.n.c.r.WriteAheadFlowFileRepository Successfully checkpointed FlowFile Repository with 88 records in 0 milliseconds
2024-04-06 22:17:36,314 INFO [Write-Ahead Local State Provider Maintenance] org.wali.MinimalLockingWriteAheadLog org.wali.MinimalLockingWriteAheadLog@298734a9 checkpointed with 6 Records and 0 Swap Files in 74 milliseconds (Stop-the-world time = 42 milliseconds, Clear Edit Logs time = 25 millis), max Transaction ID 34
2024-04-06 22:17:38,578 INFO [pool-7-thread-1] o.a.n.c.r.WriteAheadFlowFileRepository Initiating checkpoint of FlowFile Repository
2024-04-06 22:17:38,581 INFO [pool-7-thread-1] o.a.n.c.r.WriteAheadFlowFileRepository Successfully checkpointed FlowFile Repository with 88 records in 0 milliseconds
2024-04-06 22:17:48,379 INFO [Cleanup Archive for default] o.a.n.c.repository.FileSystemRepository Successfully deleted 0 files (0 bytes) from archive
2024-04-06 22:17:48,380 INFO [Cleanup Archive for default] o.a.n.c.repository.FileSystemRepository Archive cleanup completed for container default; will now allow writing to this container. Bytes used = 312.75 GB, bytes free = 147.68 GB, capacity = 460.43 GB
2024-04-06 22:17:58,585 INFO [pool-7-thread-1] o.a.n.c.r.WriteAheadFlowFileRepository Initiating checkpoint of FlowFile Repository
2024-04-06 22:17:58,587 INFO [pool-7-thread-1] o.a.n.c.r.WriteAheadFlowFileRepository Successfully checkpointed FlowFile Repository with 88 records in 0 milliseconds
2024-04-06 22:18:18,588 INFO [pool-7-thread-1] o.a.n.c.r.WriteAheadFlowFileRepository Initiating checkpoint of FlowFile Repository
2024-04-06 22:18:18,590 INFO [pool-7-thread-1] o.a.n.c.r.WriteAheadFlowFileRepository Successfully checkpointed FlowFile Repository with 88 records in 0 milliseconds
2024-04-06 22:18:38,592 INFO [pool-7-thread-1] o.a.n.c.r.WriteAheadFlowFileRepository Initiating checkpoint of FlowFile Repository
2024-04-06 22:18:38,596 INFO [pool-7-thread-1] o.a.n.c.r.WriteAheadFlowFileRepository Successfully checkpointed FlowFile Repository with 88 records in 0 milliseconds
2024-04-06 22:18:48,578 INFO [Cleanup Archive for default] o.a.n.c.repository.FileSystemRepository Successfully deleted 0 files (0 bytes) from archive
2024-04-06 22:18:48,578 INFO [Cleanup Archive for default] o.a.n.c.repository.FileSystemRepository Archive cleanup completed for container default; will now allow writing to this container. Bytes used = 312.76 GB, bytes free = 147.67 GB, capacity = 460.43 GB
2024-04-06 22:18:58,600 INFO [pool-7-thread-1] o.a.n.c.r.WriteAheadFlowFileRepository Initiating checkpoint of FlowFile Repository
2024-04-06 22:18:58,601 INFO [pool-7-thread-1] o.a.n.c.r.WriteAheadFlowFileRepository Successfully checkpointed FlowFile Repository with 88 records in 0 milliseconds
2024-04-06 22:19:18,604 INFO [pool-7-thread-1] o.a.n.c.r.WriteAheadFlowFileRepository Initiating checkpoint of FlowFile Repository
2024-04-06 22:19:18,606 INFO [pool-7-thread-1] o.a.n.c.r.WriteAheadFlowFileRepository Successfully checkpointed FlowFile Repository with 88 records in 0 milliseconds
2024-04-06 22:19:36,395 INFO [Write-Ahead Local State Provider Maintenance] org.wali.MinimalLockingWriteAheadLog org.wali.MinimalLockingWriteAheadLog@298734a9 checkpointed with 6 Records and 0 Swap Files in 76 milliseconds (Stop-the-world time = 45 milliseconds, Clear Edit Logs time = 22 millis), max Transaction ID 34
2024-04-06 22:19:38,608 INFO [pool-7-thread-1] o.a.n.c.r.WriteAheadFlowFileRepository Initiating checkpoint of FlowFile Repository
2024-04-06 22:19:38,610 INFO [pool-7-thread-1] o.a.n.c.r.WriteAheadFlowFileRepository Successfully checkpointed FlowFile Repository with 88 records in 0 milliseconds
2024-04-06 22:35:39,501 INFO [Cleanup Archive for default] o.a.n.c.repository.FileSystemRepository Successfully deleted 0 files (0 bytes) from archive
2024-04-06 22:35:39,502 INFO [Cleanup Archive for default] o.a.n.c.repository.FileSystemRepository Archive cleanup completed for container default; will now allow writing to this container. Bytes used = 312.76 GB, bytes free = 147.67 GB, capacity = 460.43 GB
2024-04-06 22:35:49,251 INFO [pool-7-thread-1] o.a.n.c.r.WriteAheadFlowFileRepository Initiating checkpoint of FlowFile Repository
2024-04-06 22:35:49,253 INFO [pool-7-thread-1] o.a.n.c.r.WriteAheadFlowFileRepository Successfully checkpointed FlowFile Repository with 88 records in 0 milliseconds
2024-04-06 22:37:48,879 INFO [pool-7-thread-1] o.a.n.c.r.WriteAheadFlowFileRepository Initiating checkpoint of FlowFile Repository
2024-04-06 22:37:48,880 INFO [pool-7-thread-1] o.a.n.c.r.WriteAheadFlowFileRepository Successfully checkpointed FlowFile Repository with 88 records in 0 milliseconds
2024-04-06 22:38:08,883 INFO [pool-7-thread-1] o.a.n.c.r.WriteAheadFlowFileRepository Initiating checkpoint of FlowFile Repository
2024-04-06 22:38:08,887 INFO [pool-7-thread-1] o.a.n.c.r.WriteAheadFlowFileRepository Successfully checkpointed FlowFile Repository with 88 records in 0 milliseconds
